<?xml version="1.0" encoding="UTF-8"?>
<!-- Generated by org.testng.reporters.JUnitReportReporter -->
<testsuite hostname="apples-MacBook-Pro.local" failures="0" tests="1" name="anithlearning.appium.iOSScrollTest" time="0.500" errors="1" timestamp="2023-08-22T14:47:28 IST" skipped="0">
  <testcase classname="anithlearning.appium.iOSScrollTest" name="iOSScrollTests" time="0.500">
    <error message="{&quot;value&quot;:{&quot;error&quot;:&quot;unknown method&quot;,&quot;message&quot;:&quot;Method is not implemented&quot;,&quot;stacktrace&quot;:&quot;NotImplementedError: Method is not implemented\n    at XCUITestDriver.execute (/Users/apple/.appium/node_modules/appium-xcuitest-driver/lib/commands/execute.js:124:13)\n    at commandExecutor (/usr/local/lib/node_modules/appium/node_modules/@appium/base-driver/lib/basedriver/driver.ts:107:18)\n    at /usr/local/lib/node_modules/appium/node_modules/async-lock/lib/index.js:171:12\n    at AsyncLock._promiseTry (/usr/local/lib/node_modules/appium/node_modules/async-lock/lib/index.js:304:31)\n    at exec (/usr/local/lib/node_modules/appium/node_modules/async-lock/lib/index.js:170:9)\n    at AsyncLock.acquire (/usr/local/lib/node_modules/appium/node_modules/async-lock/lib/index.js:187:3)\n    at XCUITestDriver.executeCommand (/usr/local/lib/node_modules/appium/node_modules/@appium/base-driver/lib/basedriver/driver.ts:123:39)\n    at processTicksAndRejections (node:internal/process/task_queues:95:5)\n    at XCUITestDriver.executeCommand (/Users/apple/.appium/node_modules/appium-xcuitest-driver/lib/driver.js:1082:12)\n    at defaultBehavior (/usr/local/lib/node_modules/appium/lib/appium.js:684:14)\n    at AppiumDriver.executeWrappedCommand (/usr/local/lib/node_modules/appium/lib/appium.js:774:16)\n    at AppiumDriver.executeCommand (/usr/local/lib/node_modules/appium/lib/appium.js:696:17)\n    at asyncHandler (/usr/local/lib/node_modules/appium/node_modules/@appium/base-driver/lib/protocol/protocol.js:393:19)&quot;}}
Command duration or timeout: 16 milliseconds
Build info: version: &#039;4.11.0&#039;, revision: &#039;040bc5406b&#039;
System info: os.name: &#039;Mac OS X&#039;, os.arch: &#039;x86_64&#039;, os.version: &#039;13.4.1&#039;, java.version: &#039;20.0.2&#039;
Driver info: io.appium.java_client.ios.IOSDriver
Command: [45bc7dfd-5424-4912-8892-da3b5f5dce2b, executeScript {script=mobile :scroll, args=[{direction=down, element=8A000000-0000-0000-D137-000000000000}]}]
Capabilities {appium:app: /Users/apple/Downloads/IOS ..., appium:automationName: XCuiTest, appium:databaseEnabled: false, appium:deviceName: iPhone 14 Pro, appium:javascriptEnabled: true, appium:locationContextEnabled: false, appium:networkConnectionEnabled: false, appium:platformVersion: 16.4, appium:takesScreenshot: true, appium:udid: 9E671023-8515-4E8C-8371-AFD..., appium:wdaLaunchTimeout: 20000, appium:webStorageEnabled: false, platformName: IOS}
Session ID: 45bc7dfd-5424-4912-8892-da3b5f5dce2b" type="org.openqa.selenium.UnsupportedCommandException">
      <![CDATA[org.openqa.selenium.UnsupportedCommandException: {"value":{"error":"unknown method","message":"Method is not implemented","stacktrace":"NotImplementedError: Method is not implemented\n    at XCUITestDriver.execute (/Users/apple/.appium/node_modules/appium-xcuitest-driver/lib/commands/execute.js:124:13)\n    at commandExecutor (/usr/local/lib/node_modules/appium/node_modules/@appium/base-driver/lib/basedriver/driver.ts:107:18)\n    at /usr/local/lib/node_modules/appium/node_modules/async-lock/lib/index.js:171:12\n    at AsyncLock._promiseTry (/usr/local/lib/node_modules/appium/node_modules/async-lock/lib/index.js:304:31)\n    at exec (/usr/local/lib/node_modules/appium/node_modules/async-lock/lib/index.js:170:9)\n    at AsyncLock.acquire (/usr/local/lib/node_modules/appium/node_modules/async-lock/lib/index.js:187:3)\n    at XCUITestDriver.executeCommand (/usr/local/lib/node_modules/appium/node_modules/@appium/base-driver/lib/basedriver/driver.ts:123:39)\n    at processTicksAndRejections (node:internal/process/task_queues:95:5)\n    at XCUITestDriver.executeCommand (/Users/apple/.appium/node_modules/appium-xcuitest-driver/lib/driver.js:1082:12)\n    at defaultBehavior (/usr/local/lib/node_modules/appium/lib/appium.js:684:14)\n    at AppiumDriver.executeWrappedCommand (/usr/local/lib/node_modules/appium/lib/appium.js:774:16)\n    at AppiumDriver.executeCommand (/usr/local/lib/node_modules/appium/lib/appium.js:696:17)\n    at asyncHandler (/usr/local/lib/node_modules/appium/node_modules/@appium/base-driver/lib/protocol/protocol.js:393:19)"}}
Command duration or timeout: 16 milliseconds
Build info: version: '4.11.0', revision: '040bc5406b'
System info: os.name: 'Mac OS X', os.arch: 'x86_64', os.version: '13.4.1', java.version: '20.0.2'
Driver info: io.appium.java_client.ios.IOSDriver
Command: [45bc7dfd-5424-4912-8892-da3b5f5dce2b, executeScript {script=mobile :scroll, args=[{direction=down, element=8A000000-0000-0000-D137-000000000000}]}]
Capabilities {appium:app: /Users/apple/Downloads/IOS ..., appium:automationName: XCuiTest, appium:databaseEnabled: false, appium:deviceName: iPhone 14 Pro, appium:javascriptEnabled: true, appium:locationContextEnabled: false, appium:networkConnectionEnabled: false, appium:platformVersion: 16.4, appium:takesScreenshot: true, appium:udid: 9E671023-8515-4E8C-8371-AFD..., appium:wdaLaunchTimeout: 20000, appium:webStorageEnabled: false, platformName: IOS}
Session ID: 45bc7dfd-5424-4912-8892-da3b5f5dce2b
at java.base/jdk.internal.reflect.DirectConstructorHandleAccessor.newInstance(DirectConstructorHandleAccessor.java:67)
at java.base/java.lang.reflect.Constructor.newInstanceWithCaller(Constructor.java:500)
at java.base/java.lang.reflect.Constructor.newInstance(Constructor.java:484)
at org.openqa.selenium.remote.ErrorHandler.createThrowable(ErrorHandler.java:220)
at org.openqa.selenium.remote.ErrorHandler.throwIfResponseFailed(ErrorHandler.java:169)
at org.openqa.selenium.remote.RemoteWebDriver.execute(RemoteWebDriver.java:571)
at org.openqa.selenium.remote.RemoteWebDriver.executeScript(RemoteWebDriver.java:463)
at anithlearning.appium.iOSScrollTest.iOSScrollTests(iOSScrollTest.java:23)
at java.base/jdk.internal.reflect.DirectMethodHandleAccessor.invoke(DirectMethodHandleAccessor.java:104)
at java.base/java.lang.reflect.Method.invoke(Method.java:578)
at org.testng.internal.invokers.MethodInvocationHelper.invokeMethod(MethodInvocationHelper.java:139)
at org.testng.internal.invokers.TestInvoker.invokeMethod(TestInvoker.java:664)
at org.testng.internal.invokers.TestInvoker.invokeTestMethod(TestInvoker.java:227)
at org.testng.internal.invokers.MethodRunner.runInSequence(MethodRunner.java:50)
at org.testng.internal.invokers.TestInvoker$MethodInvocationAgent.invoke(TestInvoker.java:957)
at org.testng.internal.invokers.TestInvoker.invokeTestMethods(TestInvoker.java:200)
at org.testng.internal.invokers.TestMethodWorker.invokeTestMethods(TestMethodWorker.java:148)
at org.testng.internal.invokers.TestMethodWorker.run(TestMethodWorker.java:128)
at java.base/java.util.ArrayList.forEach(ArrayList.java:1511)
at org.testng.TestRunner.privateRun(TestRunner.java:848)
at org.testng.TestRunner.run(TestRunner.java:621)
at org.testng.SuiteRunner.runTest(SuiteRunner.java:443)
at org.testng.SuiteRunner.runSequentially(SuiteRunner.java:437)
at org.testng.SuiteRunner.privateRun(SuiteRunner.java:397)
at org.testng.SuiteRunner.run(SuiteRunner.java:336)
at org.testng.SuiteRunnerWorker.runSuite(SuiteRunnerWorker.java:52)
at org.testng.SuiteRunnerWorker.run(SuiteRunnerWorker.java:95)
at org.testng.TestNG.runSuitesSequentially(TestNG.java:1280)
at org.testng.TestNG.runSuitesLocally(TestNG.java:1200)
at org.testng.TestNG.runSuites(TestNG.java:1114)
at org.testng.TestNG.run(TestNG.java:1082)
at org.testng.remote.AbstractRemoteTestNG.run(AbstractRemoteTestNG.java:115)
at org.testng.remote.RemoteTestNG.initAndRun(RemoteTestNG.java:251)
at org.testng.remote.RemoteTestNG.main(RemoteTestNG.java:77)
]]>
    </error>
  </testcase> <!-- iOSScrollTests -->
</testsuite> <!-- anithlearning.appium.iOSScrollTest -->
